2025-09-13T20:02:40.436294675Z ==> Cloning from https://github.com/GovGoApp/GovGo_v1
2025-09-13T20:02:41.574051918Z ==> Checking out commit 3319bff92f4bc6072f5de31fdcd8890cc7882232 in branch master
2025-09-13T20:02:42.516076692Z ==> Using Python version 3.13.4 (default)
2025-09-13T20:02:42.55408397Z ==> Docs on specifying a Python version: https://render.com/docs/python-version
2025-09-13T20:02:46.072595209Z ==> Using Poetry version 2.1.3 (default)
2025-09-13T20:02:46.136429342Z ==> Docs on specifying a Poetry version: https://render.com/docs/poetry-version
2025-09-13T20:02:46.168500072Z ==> Running build command 'pip install -r requirements.txt'...
2025-09-13T20:02:47.152963337Z Collecting dash==2.17.1 (from -r requirements.txt (line 2))
2025-09-13T20:02:47.307308443Z   Downloading dash-2.17.1-py3-none-any.whl.metadata (10 kB)
2025-09-13T20:02:47.95182351Z Collecting dash-bootstrap-components==1.5.0 (from -r requirements.txt (line 4))
2025-09-13T20:02:48.058372954Z   Downloading dash_bootstrap_components-1.5.0-py3-none-any.whl.metadata (5.2 kB)
2025-09-13T20:02:48.440356697Z Collecting psycopg2-binary==2.9.9 (from -r requirements.txt (line 6))
2025-09-13T20:02:48.449299375Z   Downloading psycopg2-binary-2.9.9.tar.gz (384 kB)
2025-09-13T20:02:48.650439984Z   Installing build dependencies: started
2025-09-13T20:02:50.557653962Z   Installing build dependencies: finished with status 'done'
2025-09-13T20:02:50.558178043Z   Getting requirements to build wheel: started
2025-09-13T20:02:51.067427774Z   Getting requirements to build wheel: finished with status 'done'
2025-09-13T20:02:51.068516168Z   Preparing metadata (pyproject.toml): started
2025-09-13T20:02:51.358851097Z   Preparing metadata (pyproject.toml): finished with status 'done'
2025-09-13T20:02:51.703118387Z Collecting pandas==2.2.2 (from -r requirements.txt (line 8))
2025-09-13T20:02:51.707623314Z   Downloading pandas-2.2.2.tar.gz (4.4 MB)
2025-09-13T20:02:51.900439564Z      â”â”â”â”â”â”â”â”â”â”â”â”â”â”â”â”â”â”â”â”â”â”â”â”â”â”â”â”â”â”â”â”â”â”â”â”â”â”â”â” 4.4/4.4 MB 21.9 MB/s eta 0:00:00
2025-09-13T20:02:52.690409392Z   Installing build dependencies: started
2025-09-13T20:03:04.076154033Z   Installing build dependencies: finished with status 'done'
2025-09-13T20:03:04.121140137Z   Getting requirements to build wheel: started
2025-09-13T20:03:08.860577669Z   Getting requirements to build wheel: finished with status 'done'
2025-09-13T20:03:08.86296501Z   Installing backend dependencies: started
2025-09-13T20:03:10.867755604Z   Installing backend dependencies: finished with status 'done'
2025-09-13T20:03:10.868392407Z   Preparing metadata (pyproject.toml): started
2025-09-13T20:04:20.374387662Z   Preparing metadata (pyproject.toml): still running...
2025-09-13T20:05:20.970181323Z   Preparing metadata (pyproject.toml): still running...
2025-09-13T20:06:21.967523803Z   Preparing metadata (pyproject.toml): still running...
2025-09-13T20:07:37.971459643Z   Preparing metadata (pyproject.toml): still running...
2025-09-13T20:09:00.672773179Z   Preparing metadata (pyproject.toml): still running...
2025-09-13T20:10:07.97896666Z   Preparing metadata (pyproject.toml): still running...
2025-09-13T20:10:42.544448754Z   Preparing metadata (pyproject.toml): finished with status 'error'
2025-09-13T20:10:42.560344235Z   error: subprocess-exited-with-error
2025-09-13T20:10:42.560358755Z   
2025-09-13T20:10:42.560364415Z   Ã— Preparing metadata (pyproject.toml) did not run successfully.
2025-09-13T20:10:42.560369525Z   â”‚ exit code: 1
2025-09-13T20:10:42.560375806Z   â•°â”€> [200 lines of output]
2025-09-13T20:10:42.560383976Z       + meson setup /tmp/pip-install-h5ypi70p/pandas_69e665ddc0e746e3bf206828179a0625 /tmp/pip-install-h5ypi70p/pandas_69e665ddc0e746e3bf206828179a0625/.mesonpy-60xmwqs6/build -Dbuildtype=release -Db_ndebug=if-release -Db_vscrt=md --vsenv --native-file=/tmp/pip-install-h5ypi70p/pandas_69e665ddc0e746e3bf206828179a0625/.mesonpy-60xmwqs6/build/meson-python-native-file.ini
2025-09-13T20:10:42.560390876Z       The Meson build system
2025-09-13T20:10:42.560396506Z       Version: 1.2.1
2025-09-13T20:10:42.560402496Z       Source dir: /tmp/pip-install-h5ypi70p/pandas_69e665ddc0e746e3bf206828179a0625
2025-09-13T20:10:42.560410396Z       Build dir: /tmp/pip-install-h5ypi70p/pandas_69e665ddc0e746e3bf206828179a0625/.mesonpy-60xmwqs6/build
2025-09-13T20:10:42.560414076Z       Build type: native build
2025-09-13T20:10:42.560417556Z       Project name: pandas
2025-09-13T20:10:42.560421046Z       Project version: 2.2.2
2025-09-13T20:10:42.560424607Z       C compiler for the host machine: cc (gcc 12.2.0 "cc (Debian 12.2.0-14+deb12u1) 12.2.0")
2025-09-13T20:10:42.560428547Z       C linker for the host machine: cc ld.bfd 2.40
2025-09-13T20:10:42.560432127Z       C++ compiler for the host machine: c++ (gcc 12.2.0 "c++ (Debian 12.2.0-14+deb12u1) 12.2.0")
2025-09-13T20:10:42.560435967Z       C++ linker for the host machine: c++ ld.bfd 2.40
2025-09-13T20:10:42.560439497Z       Cython compiler for the host machine: cython (cython 3.0.5)
2025-09-13T20:10:42.560442967Z       Host machine cpu family: x86_64
2025-09-13T20:10:42.560446387Z       Host machine cpu: x86_64
2025-09-13T20:10:42.560449837Z       Program python found: YES (/opt/render/project/src/.venv/bin/python)
2025-09-13T20:10:42.560453397Z       Found pkg-config: /usr/bin/pkg-config (1.8.1)
2025-09-13T20:10:42.560457187Z       Run-time dependency python found: YES 3.13
2025-09-13T20:10:42.560460607Z       Build targets in project: 53
2025-09-13T20:10:42.560464107Z       
2025-09-13T20:10:42.560467577Z       pandas 2.2.2
2025-09-13T20:10:42.560470977Z       
2025-09-13T20:10:42.560474568Z         User defined options
2025-09-13T20:10:42.560478197Z           Native files: /tmp/pip-install-h5ypi70p/pandas_69e665ddc0e746e3bf206828179a0625/.mesonpy-60xmwqs6/build/meson-python-native-file.ini
2025-09-13T20:10:42.560481738Z           buildtype   : release
2025-09-13T20:10:42.560485198Z           vsenv       : True
2025-09-13T20:10:42.560488678Z           b_ndebug    : if-release
2025-09-13T20:10:42.560492178Z           b_vscrt     : md
2025-09-13T20:10:42.560495688Z       
2025-09-13T20:10:42.560499188Z       Found ninja-1.11.1 at /usr/bin/ninja
2025-09-13T20:10:42.560502588Z       
2025-09-13T20:10:42.560506178Z       Visual Studio environment is needed to run Ninja. It is recommended to use Meson wrapper:
2025-09-13T20:10:42.560509628Z       /tmp/pip-build-env-vg4hmie7/overlay/bin/meson compile -C .
2025-09-13T20:10:42.560513078Z       + /usr/bin/ninja
2025-09-13T20:10:42.560516488Z       [1/151] Generating pandas/_libs/algos_take_helper_pxi with a custom command
2025-09-13T20:10:42.560533439Z       [2/151] Generating pandas/_libs/algos_common_helper_pxi with a custom command
2025-09-13T20:10:42.560535779Z       [3/151] Generating pandas/_libs/khash_primitive_helper_pxi with a custom command
2025-09-13T20:10:42.560537889Z       [4/151] Generating pandas/_libs/hashtable_class_helper_pxi with a custom command
2025-09-13T20:10:42.560539999Z       [5/151] Generating pandas/_libs/index_class_helper_pxi with a custom command
2025-09-13T20:10:42.560542279Z       [6/151] Generating pandas/_libs/hashtable_func_helper_pxi with a custom command
2025-09-13T20:10:42.560544489Z       [7/151] Generating pandas/_libs/intervaltree_helper_pxi with a custom command
2025-09-13T20:10:42.560546589Z       [8/151] Generating pandas/_libs/sparse_op_helper_pxi with a custom command
2025-09-13T20:10:42.560548639Z       [9/151] Generating pandas/__init__.py with a custom command
2025-09-13T20:10:42.560551109Z       [10/151] Compiling C object pandas/_libs/tslibs/parsing.cpython-313-x86_64-linux-gnu.so.p/.._src_parser_tokenizer.c.o
2025-09-13T20:10:42.560553259Z       [11/151] Compiling Cython source /tmp/pip-install-h5ypi70p/pandas_69e665ddc0e746e3bf206828179a0625/pandas/_libs/tslibs/base.pyx
2025-09-13T20:10:42.560555409Z       [12/151] Compiling Cython source /tmp/pip-install-h5ypi70p/pandas_69e665ddc0e746e3bf206828179a0625/pandas/_libs/tslibs/ccalendar.pyx
2025-09-13T20:10:42.560557509Z       [13/151] Compiling Cython source /tmp/pip-install-h5ypi70p/pandas_69e665ddc0e746e3bf206828179a0625/pandas/_libs/tslibs/nattype.pyx
2025-09-13T20:10:42.560560739Z       warning: /tmp/pip-install-h5ypi70p/pandas_69e665ddc0e746e3bf206828179a0625/pandas/_libs/tslibs/nattype.pyx:79:0: Global name __nat_unpickle matched from within class scope in contradiction to to Python 'class private name' rules. This may change in a future release.
2025-09-13T20:10:42.560562879Z       warning: /tmp/pip-install-h5ypi70p/pandas_69e665ddc0e746e3bf206828179a0625/pandas/_libs/tslibs/nattype.pyx:79:0: Global name __nat_unpickle matched from within class scope in contradiction to to Python 'class private name' rules. This may change in a future release.
2025-09-13T20:10:42.560564969Z       [14/151] Compiling Cython source /tmp/pip-install-h5ypi70p/pandas_69e665ddc0e746e3bf206828179a0625/pandas/_libs/tslibs/np_datetime.pyx
2025-09-13T20:10:42.56057599Z       [15/151] Compiling Cython source /tmp/pip-install-h5ypi70p/pandas_69e665ddc0e746e3bf206828179a0625/pandas/_libs/tslibs/dtypes.pyx
2025-09-13T20:10:42.560578439Z       [16/151] Compiling Cython source /tmp/pip-install-h5ypi70p/pandas_69e665ddc0e746e3bf206828179a0625/pandas/_libs/tslibs/timezones.pyx
2025-09-13T20:10:42.56058059Z       [17/151] Compiling C object pandas/_libs/tslibs/base.cpython-313-x86_64-linux-gnu.so.p/meson-generated_pandas__libs_tslibs_base.pyx.c.o
2025-09-13T20:10:42.5605827Z       [18/151] Linking target pandas/_libs/tslibs/base.cpython-313-x86_64-linux-gnu.so
2025-09-13T20:10:42.56058482Z       [19/151] Compiling Cython source /tmp/pip-install-h5ypi70p/pandas_69e665ddc0e746e3bf206828179a0625/pandas/_libs/tslibs/tzconversion.pyx
2025-09-13T20:10:42.5605869Z       [20/151] Compiling Cython source /tmp/pip-install-h5ypi70p/pandas_69e665ddc0e746e3bf206828179a0625/pandas/_libs/tslibs/conversion.pyx
2025-09-13T20:10:42.56058903Z       [21/151] Compiling Cython source /tmp/pip-install-h5ypi70p/pandas_69e665ddc0e746e3bf206828179a0625/pandas/_libs/tslibs/fields.pyx
2025-09-13T20:10:42.56059113Z       [22/151] Compiling Cython source /tmp/pip-install-h5ypi70p/pandas_69e665ddc0e746e3bf206828179a0625/pandas/_libs/tslibs/parsing.pyx
2025-09-13T20:10:42.56059333Z       [23/151] Compiling Cython source /tmp/pip-install-h5ypi70p/pandas_69e665ddc0e746e3bf206828179a0625/pandas/_libs/arrays.pyx
2025-09-13T20:10:42.56059965Z       [24/151] Compiling Cython source /tmp/pip-install-h5ypi70p/pandas_69e665ddc0e746e3bf206828179a0625/pandas/_libs/tslibs/strptime.pyx
2025-09-13T20:10:42.56060277Z       [25/151] Compiling Cython source /tmp/pip-install-h5ypi70p/pandas_69e665ddc0e746e3bf206828179a0625/pandas/_libs/tslibs/vectorized.pyx
2025-09-13T20:10:42.56060497Z       [26/151] Compiling Cython source /tmp/pip-install-h5ypi70p/pandas_69e665ddc0e746e3bf206828179a0625/pandas/_libs/tslibs/timestamps.pyx
2025-09-13T20:10:42.56060715Z       [27/151] Compiling Cython source /tmp/pip-install-h5ypi70p/pandas_69e665ddc0e746e3bf206828179a0625/pandas/_libs/tslibs/period.pyx
2025-09-13T20:10:42.56060926Z       [28/151] Compiling Cython source /tmp/pip-install-h5ypi70p/pandas_69e665ddc0e746e3bf206828179a0625/pandas/_libs/tslibs/timedeltas.pyx
2025-09-13T20:10:42.56061133Z       [29/151] Compiling Cython source /tmp/pip-install-h5ypi70p/pandas_69e665ddc0e746e3bf206828179a0625/pandas/_libs/tslibs/offsets.pyx
2025-09-13T20:10:42.56061382Z       [30/151] Compiling C object pandas/_libs/tslibs/ccalendar.cpython-313-x86_64-linux-gnu.so.p/meson-generated_pandas__libs_tslibs_ccalendar.pyx.c.o
2025-09-13T20:10:42.56061599Z       [31/151] Linking target pandas/_libs/tslibs/ccalendar.cpython-313-x86_64-linux-gnu.so
2025-09-13T20:10:42.56061817Z       [32/151] Compiling C object pandas/_libs/tslibs/np_datetime.cpython-313-x86_64-linux-gnu.so.p/meson-generated_pandas__libs_tslibs_np_datetime.pyx.c.o
2025-09-13T20:10:42.56062027Z       [33/151] Linking target pandas/_libs/tslibs/np_datetime.cpython-313-x86_64-linux-gnu.so
2025-09-13T20:10:42.560622391Z       [34/151] Compiling C object pandas/_libs/arrays.cpython-313-x86_64-linux-gnu.so.p/meson-generated_pandas__libs_arrays.pyx.c.o
2025-09-13T20:10:42.56062454Z       [35/151] Linking target pandas/_libs/arrays.cpython-313-x86_64-linux-gnu.so
2025-09-13T20:10:42.56062666Z       [36/151] Compiling Cython source /tmp/pip-install-h5ypi70p/pandas_69e665ddc0e746e3bf206828179a0625/pandas/_libs/hashing.pyx
2025-09-13T20:10:42.560630091Z       [37/151] Compiling C object pandas/_libs/tslibs/nattype.cpython-313-x86_64-linux-gnu.so.p/meson-generated_pandas__libs_tslibs_nattype.pyx.c.o
2025-09-13T20:10:42.560632301Z       [38/151] Linking target pandas/_libs/tslibs/nattype.cpython-313-x86_64-linux-gnu.so
2025-09-13T20:10:42.560634461Z       [39/151] Compiling Cython source /tmp/pip-install-h5ypi70p/pandas_69e665ddc0e746e3bf206828179a0625/pandas/_libs/indexing.pyx
2025-09-13T20:10:42.560636601Z       [40/151] Compiling C object pandas/_libs/tslibs/dtypes.cpython-313-x86_64-linux-gnu.so.p/meson-generated_pandas__libs_tslibs_dtypes.pyx.c.o
2025-09-13T20:10:42.560638711Z       [41/151] Linking target pandas/_libs/tslibs/dtypes.cpython-313-x86_64-linux-gnu.so
2025-09-13T20:10:42.560640831Z       [42/151] Compiling C object pandas/_libs/tslibs/timezones.cpython-313-x86_64-linux-gnu.so.p/meson-generated_pandas__libs_tslibs_timezones.pyx.c.o
2025-09-13T20:10:42.560642911Z       [43/151] Linking target pandas/_libs/tslibs/timezones.cpython-313-x86_64-linux-gnu.so
2025-09-13T20:10:42.560645071Z       [44/151] Compiling C object pandas/_libs/indexing.cpython-313-x86_64-linux-gnu.so.p/meson-generated_pandas__libs_indexing.pyx.c.o
2025-09-13T20:10:42.560647201Z       [45/151] Linking target pandas/_libs/indexing.cpython-313-x86_64-linux-gnu.so
2025-09-13T20:10:42.560649311Z       [46/151] Compiling C object pandas/_libs/tslibs/vectorized.cpython-313-x86_64-linux-gnu.so.p/meson-generated_pandas__libs_tslibs_vectorized.pyx.c.o
2025-09-13T20:10:42.560656971Z       [47/151] Linking target pandas/_libs/tslibs/vectorized.cpython-313-x86_64-linux-gnu.so
2025-09-13T20:10:42.560659361Z       [48/151] Compiling Cython source /tmp/pip-install-h5ypi70p/pandas_69e665ddc0e746e3bf206828179a0625/pandas/_libs/index.pyx
2025-09-13T20:10:42.560665231Z       [49/151] Compiling Cython source /tmp/pip-install-h5ypi70p/pandas_69e665ddc0e746e3bf206828179a0625/pandas/_libs/algos.pyx
2025-09-13T20:10:42.560667381Z       [50/151] Compiling C object pandas/_libs/tslibs/conversion.cpython-313-x86_64-linux-gnu.so.p/meson-generated_pandas__libs_tslibs_conversion.pyx.c.o
2025-09-13T20:10:42.560669501Z       [51/151] Linking target pandas/_libs/tslibs/conversion.cpython-313-x86_64-linux-gnu.so
2025-09-13T20:10:42.560671632Z       [52/151] Compiling C object pandas/_libs/tslibs/tzconversion.cpython-313-x86_64-linux-gnu.so.p/meson-generated_pandas__libs_tslibs_tzconversion.pyx.c.o
2025-09-13T20:10:42.560673741Z       [53/151] Linking target pandas/_libs/tslibs/tzconversion.cpython-313-x86_64-linux-gnu.so
2025-09-13T20:10:42.560675941Z       [54/151] Compiling C object pandas/_libs/lib.cpython-313-x86_64-linux-gnu.so.p/src_parser_tokenizer.c.o
2025-09-13T20:10:42.560678021Z       [55/151] Compiling Cython source /tmp/pip-install-h5ypi70p/pandas_69e665ddc0e746e3bf206828179a0625/pandas/_libs/internals.pyx
2025-09-13T20:10:42.560680141Z       [56/151] Compiling C object pandas/_libs/hashing.cpython-313-x86_64-linux-gnu.so.p/meson-generated_pandas__libs_hashing.pyx.c.o
2025-09-13T20:10:42.560682312Z       [57/151] Linking target pandas/_libs/hashing.cpython-313-x86_64-linux-gnu.so
2025-09-13T20:10:42.560684482Z       [58/151] Compiling C object pandas/_libs/tslibs/fields.cpython-313-x86_64-linux-gnu.so.p/meson-generated_pandas__libs_tslibs_fields.pyx.c.o
2025-09-13T20:10:42.560686612Z       [59/151] Linking target pandas/_libs/tslibs/fields.cpython-313-x86_64-linux-gnu.so
2025-09-13T20:10:42.560688712Z       [60/151] Compiling C object pandas/_libs/pandas_datetime.cpython-313-x86_64-linux-gnu.so.p/src_vendored_numpy_datetime_np_datetime.c.o
2025-09-13T20:10:42.560690832Z       [61/151] Compiling Cython source /tmp/pip-install-h5ypi70p/pandas_69e665ddc0e746e3bf206828179a0625/pandas/_libs/groupby.pyx
2025-09-13T20:10:42.560693022Z       [62/151] Compiling C object pandas/_libs/pandas_datetime.cpython-313-x86_64-linux-gnu.so.p/src_datetime_date_conversions.c.o
2025-09-13T20:10:42.560695172Z       [63/151] Compiling C object pandas/_libs/pandas_datetime.cpython-313-x86_64-linux-gnu.so.p/src_vendored_numpy_datetime_np_datetime_strings.c.o
2025-09-13T20:10:42.560697322Z       [64/151] Compiling C object pandas/_libs/pandas_datetime.cpython-313-x86_64-linux-gnu.so.p/src_datetime_pd_datetime.c.o
2025-09-13T20:10:42.560699482Z       [65/151] Linking target pandas/_libs/pandas_datetime.cpython-313-x86_64-linux-gnu.so
2025-09-13T20:10:42.560702062Z       [66/151] Compiling C object pandas/_libs/pandas_parser.cpython-313-x86_64-linux-gnu.so.p/src_parser_io.c.o
2025-09-13T20:10:42.560705042Z       [67/151] Compiling C object pandas/_libs/pandas_parser.cpython-313-x86_64-linux-gnu.so.p/src_parser_pd_parser.c.o
2025-09-13T20:10:42.560707172Z       [68/151] Compiling Cython source /tmp/pip-install-h5ypi70p/pandas_69e665ddc0e746e3bf206828179a0625/pandas/_libs/missing.pyx
2025-09-13T20:10:42.560709332Z       [69/151] Compiling C object pandas/_libs/pandas_parser.cpython-313-x86_64-linux-gnu.so.p/src_parser_tokenizer.c.o
2025-09-13T20:10:42.560711472Z       [70/151] Linking target pandas/_libs/pandas_parser.cpython-313-x86_64-linux-gnu.so
2025-09-13T20:10:42.560713542Z       [71/151] Compiling Cython source /tmp/pip-install-h5ypi70p/pandas_69e665ddc0e746e3bf206828179a0625/pandas/_libs/hashtable.pyx
2025-09-13T20:10:42.560715692Z       [72/151] Compiling C object pandas/_libs/parsers.cpython-313-x86_64-linux-gnu.so.p/src_parser_io.c.o
2025-09-13T20:10:42.560717762Z       [73/151] Compiling C object pandas/_libs/parsers.cpython-313-x86_64-linux-gnu.so.p/src_parser_tokenizer.c.o
2025-09-13T20:10:42.560719912Z       [74/151] Compiling C object pandas/_libs/json.cpython-313-x86_64-linux-gnu.so.p/src_vendored_ujson_python_ujson.c.o
2025-09-13T20:10:42.560725653Z       [75/151] Compiling C object pandas/_libs/json.cpython-313-x86_64-linux-gnu.so.p/src_vendored_ujson_python_JSONtoObj.c.o
2025-09-13T20:10:42.560727882Z       [76/151] Compiling Cython source /tmp/pip-install-h5ypi70p/pandas_69e665ddc0e746e3bf206828179a0625/pandas/_libs/lib.pyx
2025-09-13T20:10:42.560730022Z       [77/151] Compiling C object pandas/_libs/tslibs/strptime.cpython-313-x86_64-linux-gnu.so.p/meson-generated_pandas__libs_tslibs_strptime.pyx.c.o
2025-09-13T20:10:42.560732173Z       [78/151] Linking target pandas/_libs/tslibs/strptime.cpython-313-x86_64-linux-gnu.so
2025-09-13T20:10:42.560734283Z       [79/151] Compiling C object pandas/_libs/json.cpython-313-x86_64-linux-gnu.so.p/src_vendored_ujson_lib_ultrajsonenc.c.o
2025-09-13T20:10:42.560741643Z       [80/151] Compiling C object pandas/_libs/json.cpython-313-x86_64-linux-gnu.so.p/src_vendored_ujson_python_objToJSON.c.o
2025-09-13T20:10:42.560743933Z       [81/151] Compiling C object pandas/_libs/json.cpython-313-x86_64-linux-gnu.so.p/src_vendored_ujson_lib_ultrajsondec.c.o
2025-09-13T20:10:42.560746033Z       [82/151] Linking target pandas/_libs/json.cpython-313-x86_64-linux-gnu.so
2025-09-13T20:10:42.560748123Z       [83/151] Compiling C object pandas/_libs/tslibs/parsing.cpython-313-x86_64-linux-gnu.so.p/meson-generated_pandas__libs_tslibs_parsing.pyx.c.o
2025-09-13T20:10:42.560750213Z       [84/151] Linking target pandas/_libs/tslibs/parsing.cpython-313-x86_64-linux-gnu.so
2025-09-13T20:10:42.560752393Z       [85/151] Compiling Cython source /tmp/pip-install-h5ypi70p/pandas_69e665ddc0e746e3bf206828179a0625/pandas/_libs/ops_dispatch.pyx
2025-09-13T20:10:42.560754583Z       [86/151] Compiling Cython source /tmp/pip-install-h5ypi70p/pandas_69e665ddc0e746e3bf206828179a0625/pandas/_libs/join.pyx
2025-09-13T20:10:42.560756703Z       [87/151] Compiling Cython source /tmp/pip-install-h5ypi70p/pandas_69e665ddc0e746e3bf206828179a0625/pandas/_libs/properties.pyx
2025-09-13T20:10:42.560758853Z       [88/151] Compiling Cython source /tmp/pip-install-h5ypi70p/pandas_69e665ddc0e746e3bf206828179a0625/pandas/_libs/interval.pyx
2025-09-13T20:10:42.560760963Z       [89/151] Compiling Cython source /tmp/pip-install-h5ypi70p/pandas_69e665ddc0e746e3bf206828179a0625/pandas/_libs/parsers.pyx
2025-09-13T20:10:42.560763063Z       [90/151] Compiling C object pandas/_libs/tslibs/period.cpython-313-x86_64-linux-gnu.so.p/meson-generated_pandas__libs_tslibs_period.pyx.c.o
2025-09-13T20:10:42.560765153Z       [91/151] Linking target pandas/_libs/tslibs/period.cpython-313-x86_64-linux-gnu.so
2025-09-13T20:10:42.560767213Z       [92/151] Compiling C object pandas/_libs/ops_dispatch.cpython-313-x86_64-linux-gnu.so.p/meson-generated_pandas__libs_ops_dispatch.pyx.c.o
2025-09-13T20:10:42.560769353Z       [93/151] Linking target pandas/_libs/ops_dispatch.cpython-313-x86_64-linux-gnu.so
2025-09-13T20:10:42.560771483Z       [94/151] Compiling Cython source /tmp/pip-install-h5ypi70p/pandas_69e665ddc0e746e3bf206828179a0625/pandas/_libs/ops.pyx
2025-09-13T20:10:42.560773563Z       [95/151] Compiling Cython source /tmp/pip-install-h5ypi70p/pandas_69e665ddc0e746e3bf206828179a0625/pandas/_libs/reshape.pyx
2025-09-13T20:10:42.560775654Z       [96/151] Compiling C object pandas/_libs/properties.cpython-313-x86_64-linux-gnu.so.p/meson-generated_pandas__libs_properties.pyx.c.o
2025-09-13T20:10:42.560779174Z       [97/151] Linking target pandas/_libs/properties.cpython-313-x86_64-linux-gnu.so
2025-09-13T20:10:42.560781294Z       [98/151] Compiling Cython source /tmp/pip-install-h5ypi70p/pandas_69e665ddc0e746e3bf206828179a0625/pandas/_libs/byteswap.pyx
2025-09-13T20:10:42.560783494Z       [99/151] Compiling Cython source /tmp/pip-install-h5ypi70p/pandas_69e665ddc0e746e3bf206828179a0625/pandas/_libs/sas.pyx
2025-09-13T20:10:42.560788944Z       [100/151] Compiling C object pandas/_libs/missing.cpython-313-x86_64-linux-gnu.so.p/meson-generated_pandas__libs_missing.pyx.c.o
2025-09-13T20:10:42.560791134Z       [101/151] Linking target pandas/_libs/missing.cpython-313-x86_64-linux-gnu.so
2025-09-13T20:10:42.560793254Z       [102/151] Compiling C object pandas/_libs/tslibs/timestamps.cpython-313-x86_64-linux-gnu.so.p/meson-generated_pandas__libs_tslibs_timestamps.pyx.c.o
2025-09-13T20:10:42.560796864Z       [103/151] Compiling C object pandas/_libs/byteswap.cpython-313-x86_64-linux-gnu.so.p/meson-generated_pandas__libs_byteswap.pyx.c.o
2025-09-13T20:10:42.560799044Z       [104/151] Linking target pandas/_libs/tslibs/timestamps.cpython-313-x86_64-linux-gnu.so
2025-09-13T20:10:42.560801174Z       [105/151] Linking target pandas/_libs/byteswap.cpython-313-x86_64-linux-gnu.so
2025-09-13T20:10:42.560803364Z       [106/151] Compiling C object pandas/_libs/tslibs/timedeltas.cpython-313-x86_64-linux-gnu.so.p/meson-generated_pandas__libs_tslibs_timedeltas.pyx.c.o
2025-09-13T20:10:42.560805474Z       [107/151] Compiling Cython source /tmp/pip-install-h5ypi70p/pandas_69e665ddc0e746e3bf206828179a0625/pandas/_libs/testing.pyx
2025-09-13T20:10:42.560807594Z       [108/151] Linking target pandas/_libs/tslibs/timedeltas.cpython-313-x86_64-linux-gnu.so
2025-09-13T20:10:42.560809724Z       [109/151] Compiling Cython source /tmp/pip-install-h5ypi70p/pandas_69e665ddc0e746e3bf206828179a0625/pandas/_libs/writers.pyx
2025-09-13T20:10:42.560811864Z       [110/151] Compiling Cython source /tmp/pip-install-h5ypi70p/pandas_69e665ddc0e746e3bf206828179a0625/pandas/_libs/tslib.pyx
2025-09-13T20:10:42.560813934Z       [111/151] Compiling C object pandas/_libs/internals.cpython-313-x86_64-linux-gnu.so.p/meson-generated_pandas__libs_internals.pyx.c.o
2025-09-13T20:10:42.560816004Z       [112/151] Linking target pandas/_libs/internals.cpython-313-x86_64-linux-gnu.so
2025-09-13T20:10:42.560823044Z       [113/151] Compiling Cython source /tmp/pip-install-h5ypi70p/pandas_69e665ddc0e746e3bf206828179a0625/pandas/_libs/sparse.pyx
2025-09-13T20:10:42.560825555Z       [114/151] Compiling C object pandas/_libs/ops.cpython-313-x86_64-linux-gnu.so.p/meson-generated_pandas__libs_ops.pyx.c.o
2025-09-13T20:10:42.560827715Z       [115/151] Linking target pandas/_libs/ops.cpython-313-x86_64-linux-gnu.so
2025-09-13T20:10:42.560829815Z       [116/151] Compiling C object pandas/_libs/testing.cpython-313-x86_64-linux-gnu.so.p/meson-generated_pandas__libs_testing.pyx.c.o
2025-09-13T20:10:42.560831985Z       [117/151] Linking target pandas/_libs/testing.cpython-313-x86_64-linux-gnu.so
2025-09-13T20:10:42.560834165Z       [118/151] Compiling Cython source /tmp/pip-install-h5ypi70p/pandas_69e665ddc0e746e3bf206828179a0625/pandas/_libs/window/indexers.pyx
2025-09-13T20:10:42.560836245Z       [119/151] Compiling Cython source /tmp/pip-install-h5ypi70p/pandas_69e665ddc0e746e3bf206828179a0625/pandas/_libs/window/aggregations.pyx
2025-09-13T20:10:42.560838325Z       [120/151] Compiling C object pandas/_libs/reshape.cpython-313-x86_64-linux-gnu.so.p/meson-generated_pandas__libs_reshape.pyx.c.o
2025-09-13T20:10:42.560840445Z       [121/151] Linking target pandas/_libs/reshape.cpython-313-x86_64-linux-gnu.so
2025-09-13T20:10:42.560842585Z       [122/151] Compiling C object pandas/_libs/sas.cpython-313-x86_64-linux-gnu.so.p/meson-generated_pandas__libs_sas.pyx.c.o
2025-09-13T20:10:42.560844735Z       [123/151] Linking target pandas/_libs/sas.cpython-313-x86_64-linux-gnu.so
2025-09-13T20:10:42.560847415Z       [124/151] Compiling C++ object pandas/_libs/window/aggregations.cpython-313-x86_64-linux-gnu.so.p/meson-generated_pandas__libs_window_aggregations.pyx.cpp.o
2025-09-13T20:10:42.560849495Z       FAILED: pandas/_libs/window/aggregations.cpython-313-x86_64-linux-gnu.so.p/meson-generated_pandas__libs_window_aggregations.pyx.cpp.o
2025-09-13T20:10:42.560856195Z       c++ -Ipandas/_libs/window/aggregations.cpython-313-x86_64-linux-gnu.so.p -Ipandas/_libs/window -I../../pandas/_libs/window -I../../../../pip-build-env-vg4hmie7/overlay/lib/python3.13/site-packages/numpy/_core/include -I../../pandas/_libs/include -I/usr/local/include/python3.13 -fvisibility=hidden -fvisibility-inlines-hidden -fdiagnostics-color=always -DNDEBUG -D_FILE_OFFSET_BITS=64 -w -O3 -DNPY_NO_DEPRECATED_API=0 -DNPY_TARGET_VERSION=NPY_1_21_API_VERSION -fPIC -MD -MQ pandas/_libs/window/aggregations.cpython-313-x86_64-linux-gnu.so.p/meson-generated_pandas__libs_window_aggregations.pyx.cpp.o -MF pandas/_libs/window/aggregations.cpython-313-x86_64-linux-gnu.so.p/meson-generated_pandas__libs_window_aggregations.pyx.cpp.o.d -o pandas/_libs/window/aggregations.cpython-313-x86_64-linux-gnu.so.p/meson-generated_pandas__libs_window_aggregations.pyx.cpp.o -c pandas/_libs/window/aggregations.cpython-313-x86_64-linux-gnu.so.p/pandas/_libs/window/aggregations.pyx.cpp
2025-09-13T20:10:42.560860105Z       pandas/_libs/window/aggregations.cpython-313-x86_64-linux-gnu.so.p/pandas/_libs/window/aggregations.pyx.cpp:422:31: error: standard attributes in middle of decl-specifiers
2025-09-13T20:10:42.560862315Z         422 |         #define CYTHON_UNUSED [[maybe_unused]]
2025-09-13T20:10:42.560864505Z             |                               ^
2025-09-13T20:10:42.560866715Z       pandas/_libs/window/aggregations.cpython-313-x86_64-linux-gnu.so.p/pandas/_libs/window/aggregations.pyx.cpp:2260:12: note: in expansion of macro â€˜CYTHON_UNUSEDâ€™
2025-09-13T20:10:42.560868865Z        2260 |     static CYTHON_UNUSED PyObject *__Pyx_KwargsAsDict_FASTCALL(PyObject *kwnames, PyObject *const *kwvalues);
2025-09-13T20:10:42.560870996Z             |            ^~~~~~~~~~~~~
2025-09-13T20:10:42.560874076Z       pandas/_libs/window/aggregations.cpython-313-x86_64-linux-gnu.so.p/pandas/_libs/window/aggregations.pyx.cpp:422:31: note: standard attributes must precede the decl-specifiers to apply to the declaration, or follow them to apply to the type
2025-09-13T20:10:42.560876216Z         422 |         #define CYTHON_UNUSED [[maybe_unused]]
2025-09-13T20:10:42.560878305Z             |                               ^
2025-09-13T20:10:42.560880426Z       pandas/_libs/window/aggregations.cpython-313-x86_64-linux-gnu.so.p/pandas/_libs/window/aggregations.pyx.cpp:2260:12: note: in expansion of macro â€˜CYTHON_UNUSEDâ€™
2025-09-13T20:10:42.560882566Z        2260 |     static CYTHON_UNUSED PyObject *__Pyx_KwargsAsDict_FASTCALL(PyObject *kwnames, PyObject *const *kwvalues);
2025-09-13T20:10:42.560884696Z             |            ^~~~~~~~~~~~~
2025-09-13T20:10:42.560886816Z       pandas/_libs/window/aggregations.cpython-313-x86_64-linux-gnu.so.p/pandas/_libs/window/aggregations.pyx.cpp:422:31: error: standard attributes in middle of decl-specifiers
2025-09-13T20:10:42.560888936Z         422 |         #define CYTHON_UNUSED [[maybe_unused]]
2025-09-13T20:10:42.560898346Z             |                               ^
2025-09-13T20:10:42.560900646Z       pandas/_libs/window/aggregations.cpython-313-x86_64-linux-gnu.so.p/pandas/_libs/window/aggregations.pyx.cpp:42115:8: note: in expansion of macro â€˜CYTHON_UNUSEDâ€™
2025-09-13T20:10:42.560902836Z       42115 | static CYTHON_UNUSED PyObject *__Pyx_KwargsAsDict_FASTCALL(PyObject *kwnames, PyObject *const *kwvalues) {
2025-09-13T20:10:42.560904956Z             |        ^~~~~~~~~~~~~
2025-09-13T20:10:42.560907186Z       pandas/_libs/window/aggregations.cpython-313-x86_64-linux-gnu.so.p/pandas/_libs/window/aggregations.pyx.cpp:422:31: note: standard attributes must precede the decl-specifiers to apply to the declaration, or follow them to apply to the type
2025-09-13T20:10:42.560909306Z         422 |         #define CYTHON_UNUSED [[maybe_unused]]
2025-09-13T20:10:42.560914946Z             |                               ^
2025-09-13T20:10:42.560917156Z       pandas/_libs/window/aggregations.cpython-313-x86_64-linux-gnu.so.p/pandas/_libs/window/aggregations.pyx.cpp:42115:8: note: in expansion of macro â€˜CYTHON_UNUSEDâ€™
2025-09-13T20:10:42.560919346Z       42115 | static CYTHON_UNUSED PyObject *__Pyx_KwargsAsDict_FASTCALL(PyObject *kwnames, PyObject *const *kwvalues) {
2025-09-13T20:10:42.560921497Z             |        ^~~~~~~~~~~~~
2025-09-13T20:10:42.560923626Z       [125/151] Compiling C object pandas/_libs/writers.cpython-313-x86_64-linux-gnu.so.p/meson-generated_pandas__libs_writers.pyx.c.o
2025-09-13T20:10:42.560925797Z       [126/151] Compiling C object pandas/_libs/window/indexers.cpython-313-x86_64-linux-gnu.so.p/meson-generated_pandas__libs_window_indexers.pyx.c.o
2025-09-13T20:10:42.560927897Z       [127/151] Compiling C object pandas/_libs/tslib.cpython-313-x86_64-linux-gnu.so.p/meson-generated_pandas__libs_tslib.pyx.c.o
2025-09-13T20:10:42.560929977Z       [128/151] Compiling C object pandas/_libs/parsers.cpython-313-x86_64-linux-gnu.so.p/meson-generated_pandas__libs_parsers.pyx.c.o
2025-09-13T20:10:42.560932097Z       [129/151] Compiling C object pandas/_libs/tslibs/offsets.cpython-313-x86_64-linux-gnu.so.p/meson-generated_pandas__libs_tslibs_offsets.pyx.c.o
2025-09-13T20:10:42.560934217Z       [130/151] Compiling C object pandas/_libs/index.cpython-313-x86_64-linux-gnu.so.p/meson-generated_pandas__libs_index.pyx.c.o
2025-09-13T20:10:42.560936367Z       [131/151] Compiling C object pandas/_libs/lib.cpython-313-x86_64-linux-gnu.so.p/meson-generated_pandas__libs_lib.pyx.c.o
2025-09-13T20:10:42.560938467Z       [132/151] Compiling C object pandas/_libs/sparse.cpython-313-x86_64-linux-gnu.so.p/meson-generated_pandas__libs_sparse.pyx.c.o
2025-09-13T20:10:42.560940547Z       [133/151] Compiling C object pandas/_libs/interval.cpython-313-x86_64-linux-gnu.so.p/meson-generated_pandas__libs_interval.pyx.c.o
2025-09-13T20:10:42.560942677Z       [134/151] Compiling C object pandas/_libs/join.cpython-313-x86_64-linux-gnu.so.p/meson-generated_pandas__libs_join.pyx.c.o
2025-09-13T20:10:42.560944747Z       [135/151] Compiling C object pandas/_libs/algos.cpython-313-x86_64-linux-gnu.so.p/meson-generated_pandas__libs_algos.pyx.c.o
2025-09-13T20:10:42.560946847Z       [136/151] Compiling C object pandas/_libs/hashtable.cpython-313-x86_64-linux-gnu.so.p/meson-generated_pandas__libs_hashtable.pyx.c.o
2025-09-13T20:10:42.560948987Z       [137/151] Compiling C object pandas/_libs/groupby.cpython-313-x86_64-linux-gnu.so.p/meson-generated_pandas__libs_groupby.pyx.c.o
2025-09-13T20:10:42.560952437Z       ninja: build stopped: subcommand failed.
2025-09-13T20:10:42.560954617Z       [end of output]
2025-09-13T20:10:42.560956707Z   
2025-09-13T20:10:42.560958897Z   note: This error originates from a subprocess, and is likely not a problem with pip.
2025-09-13T20:10:42.638670165Z 
2025-09-13T20:10:42.638685796Z [notice] A new release of pip is available: 25.1.1 -> 25.2
2025-09-13T20:10:42.638688876Z [notice] To update, run: pip install --upgrade pip
2025-09-13T20:10:42.640085444Z error: metadata-generation-failed
2025-09-13T20:10:42.640093024Z 
2025-09-13T20:10:42.640096164Z Ã— Encountered error while generating package metadata.
2025-09-13T20:10:42.640098764Z â•°â”€> See above for output.
2025-09-13T20:10:42.640100754Z 
2025-09-13T20:10:42.640103504Z note: This is an issue with the package mentioned above, not pip.
2025-09-13T20:10:42.640105815Z hint: See above for details.
2025-09-13T20:10:42.884417874Z ==> Build failed ðŸ˜ž
2025-09-13T20:10:42.884433275Z ==> Common ways to troubleshoot your deploy: https://render.com/docs/troubleshooting-deploys